<?xml version="1.0" encoding="UTF-8"?>
<testng-results skipped="0" failed="0" total="1" passed="1">
  <reporter-output>
  </reporter-output>
  <suite name="Default suite" duration-ms="37289" started-at="2020-08-24T08:46:27Z" finished-at="2020-08-24T08:47:04Z">
    <groups>
    </groups>
    <test name="Default test" duration-ms="37289" started-at="2020-08-24T08:46:27Z" finished-at="2020-08-24T08:47:04Z">
      <class name="com.ijmeet.testcases.LoginPageTest">
        <test-method status="PASS" signature="baseTest()[pri:0, instance:com.ijmeet.testcases.LoginPageTest@cb5822]" name="baseTest" is-config="true" duration-ms="27633" started-at="2020-08-24T14:16:27Z" finished-at="2020-08-24T14:16:55Z">
          <reporter-output>
          </reporter-output>
        </test-method> <!-- baseTest -->
        <test-method status="PASS" signature="tc_001()[pri:0, instance:com.ijmeet.testcases.LoginPageTest@cb5822]" name="tc_001" duration-ms="7568" started-at="2020-08-24T14:16:55Z" finished-at="2020-08-24T14:17:02Z">
          <reporter-output>
          </reporter-output>
        </test-method> <!-- tc_001 -->
        <test-method status="PASS" signature="closeDriver()[pri:0, instance:com.ijmeet.testcases.LoginPageTest@cb5822]" name="closeDriver" is-config="true" duration-ms="998" started-at="2020-08-24T14:17:03Z" finished-at="2020-08-24T14:17:04Z">
          <reporter-output>
          </reporter-output>
        </test-method> <!-- closeDriver -->
      </class> <!-- com.ijmeet.testcases.LoginPageTest -->
    </test> <!-- Default test -->
  </suite> <!-- Default suite -->
</testng-results>
